{"time":"2024-08-28T17:04:42.010298+01:00","level":"INFO","msg":"Tailpipe CLI","source":"cli","app version":"0.0.0","log level":"INFO"}
{"time":"2024-08-28T17:04:42.012299+01:00","level":"INFO","msg":"starting parquet Writer","source":"cli","worker count":5}
{"time":"2024-08-28T17:04:52.162187+01:00","level":"INFO","msg":"[INFO] TailpipePluginServerWrapper AddObserver","source":"tailpipe-plugin-aws"}
{"time":"2024-08-28T17:04:52.163284+01:00","level":"INFO","msg":"[INFO] AddObserver","source":"tailpipe-plugin-aws"}
{"time":"2024-08-28T17:04:52.163402+01:00","level":"INFO","msg":"[INFO] Collect","source":"tailpipe-plugin-aws"}
{"time":"2024-08-28T17:04:52.163546+01:00","level":"INFO","msg":"Initializing ArtifactSourceBase","source":"tailpipe-plugin-aws"}
{"time":"2024-08-28T17:04:52.163614+01:00","level":"INFO","msg":"Initializing RowSourceBase 0x14000240008, impl 0x14000240008","source":"tailpipe-plugin-aws"}
{"time":"2024-08-28T17:04:52.163621+01:00","level":"INFO","msg":"parquet.Writer.StartJobGroup","source":"cli","jobGroupId":"1724861092297","partitionName":"aws_cloudtrail_log.fs"}
{"time":"2024-08-28T17:04:52.163818+01:00","level":"INFO","msg":"closing collector - wait for executions to complete","source":"cli"}
{"time":"2024-08-28T17:04:52.163922+01:00","level":"INFO","msg":"Creating empty collection state","source":"tailpipe-plugin-aws"}
{"time":"2024-08-28T17:04:52.163969+01:00","level":"INFO","msg":"Initialized artifact_row_source.RowSourceBase","source":"tailpipe-plugin-aws","config":{"FileLayout":null,"JsonPath":null,"Paths":["/Users/kai/tailpipe_data/flaws_cloudtrail_logs"],"Extensions":[".gz"]}}
{"time":"2024-08-28T17:04:52.164176+01:00","level":"INFO","msg":"Default to default config","source":"tailpipe-plugin-aws","defaultConfig":null}
{"time":"2024-08-28T17:04:52.164229+01:00","level":"INFO","msg":"ArtifactSourceBase initCollectionState","source":"tailpipe-plugin-aws","FileLayout":null}
{"time":"2024-08-28T17:04:52.164282+01:00","level":"INFO","msg":"Initializing ArtifactCollectionState 0x140005225b0","source":"tailpipe-plugin-aws","fileLayout":null}
{"time":"2024-08-28T17:04:52.16434+01:00","level":"INFO","msg":"Initialized FileSystemSource","source":"tailpipe-plugin-aws","paths":["/Users/kai/tailpipe_data/flaws_cloudtrail_logs"],"extensions":{".gz":{}}}
{"time":"2024-08-28T17:04:52.164421+01:00","level":"INFO","msg":"[INFO] AddObserver","source":"tailpipe-plugin-aws"}
{"time":"2024-08-28T17:04:52.164454+01:00","level":"INFO","msg":"[INFO] AddObserver","source":"tailpipe-plugin-aws"}
{"time":"2024-08-28T17:04:52.164584+01:00","level":"INFO","msg":"Start collection","source":"tailpipe-plugin-aws"}
{"time":"2024-08-28T17:04:52.164618+01:00","level":"INFO","msg":"ArtifactSourceBase Collect","source":"tailpipe-plugin-aws"}
{"time":"2024-08-28T17:05:10.136903+01:00","level":"INFO","msg":"ArtifactSourceBase Collect complete","source":"tailpipe-plugin-aws"}
{"time":"2024-08-28T17:05:10.137066+01:00","level":"INFO","msg":"Source collection complete - waiting for enrichment","source":"tailpipe-plugin-aws"}
{"time":"2024-08-28T17:05:10.137101+01:00","level":"INFO","msg":"Enrichment complete","source":"tailpipe-plugin-aws"}
{"time":"2024-08-28T17:05:10.139196+01:00","level":"INFO","msg":"waiting for execution to complete","source":"cli","execution":"1724861092297"}
{"time":"2024-08-28T17:05:15.139914+01:00","level":"INFO","msg":"fileJobPool[T] - jobGroup complete","source":"cli","execution id":"1724861092297"}
{"time":"2024-08-28T17:05:17.167453+01:00","level":"INFO","msg":"closing fileJobPool[T]","source":"cli","job pool":{}}
